{
  "C:\\Repository\\dev-portfolio-templateTest4\\src\\components\\common\\CookieConsent.tsx": {
    "path": "C:\\Repository\\dev-portfolio-templateTest4\\src\\components\\common\\CookieConsent.tsx",
    "statementMap": {
      "0": {
        "start": { "line": 4, "column": 32 },
        "end": { "line": 79, "column": null }
      },
      "1": {
        "start": { "line": 5, "column": 32 },
        "end": { "line": 5, "column": null }
      },
      "2": {
        "start": { "line": 7, "column": 2 },
        "end": { "line": 15, "column": null }
      },
      "3": {
        "start": { "line": 8, "column": 20 },
        "end": { "line": 8, "column": null }
      },
      "4": {
        "start": { "line": 9, "column": 4 },
        "end": { "line": 14, "column": null }
      },
      "5": {
        "start": { "line": 10, "column": 20 },
        "end": { "line": 12, "column": null }
      },
      "6": {
        "start": { "line": 11, "column": 8 },
        "end": { "line": 11, "column": null }
      },
      "7": {
        "start": { "line": 13, "column": 6 },
        "end": { "line": 13, "column": null }
      },
      "8": {
        "start": { "line": 13, "column": 19 },
        "end": { "line": 13, "column": null }
      },
      "9": {
        "start": { "line": 17, "column": 23 },
        "end": { "line": 20, "column": null }
      },
      "10": {
        "start": { "line": 18, "column": 4 },
        "end": { "line": 18, "column": null }
      },
      "11": {
        "start": { "line": 19, "column": 4 },
        "end": { "line": 19, "column": null }
      },
      "12": {
        "start": { "line": 22, "column": 24 },
        "end": { "line": 25, "column": null }
      },
      "13": {
        "start": { "line": 23, "column": 4 },
        "end": { "line": 23, "column": null }
      },
      "14": {
        "start": { "line": 24, "column": 4 },
        "end": { "line": 24, "column": null }
      },
      "15": {
        "start": { "line": 27, "column": 2 },
        "end": { "line": 77, "column": null }
      }
    },
    "fnMap": {
      "0": {
        "name": "(anonymous_0)",
        "decl": {
          "start": { "line": 4, "column": 32 },
          "end": { "line": 4, "column": 38 }
        },
        "loc": {
          "start": { "line": 4, "column": 38 },
          "end": { "line": 79, "column": null }
        },
        "line": 4
      },
      "1": {
        "name": "(anonymous_1)",
        "decl": {
          "start": { "line": 7, "column": 12 },
          "end": { "line": 7, "column": 18 }
        },
        "loc": {
          "start": { "line": 7, "column": 18 },
          "end": { "line": 15, "column": 5 }
        },
        "line": 7
      },
      "2": {
        "name": "(anonymous_2)",
        "decl": {
          "start": { "line": 10, "column": 31 },
          "end": { "line": 10, "column": 37 }
        },
        "loc": {
          "start": { "line": 10, "column": 37 },
          "end": { "line": 12, "column": 9 }
        },
        "line": 10
      },
      "3": {
        "name": "(anonymous_3)",
        "decl": {
          "start": { "line": 13, "column": 13 },
          "end": { "line": 13, "column": 19 }
        },
        "loc": {
          "start": { "line": 13, "column": 19 },
          "end": { "line": 13, "column": null }
        },
        "line": 13
      },
      "4": {
        "name": "(anonymous_4)",
        "decl": {
          "start": { "line": 17, "column": 23 },
          "end": { "line": 17, "column": 29 }
        },
        "loc": {
          "start": { "line": 17, "column": 29 },
          "end": { "line": 20, "column": null }
        },
        "line": 17
      },
      "5": {
        "name": "(anonymous_5)",
        "decl": {
          "start": { "line": 22, "column": 24 },
          "end": { "line": 22, "column": 30 }
        },
        "loc": {
          "start": { "line": 22, "column": 30 },
          "end": { "line": 25, "column": null }
        },
        "line": 22
      }
    },
    "branchMap": {
      "0": {
        "loc": {
          "start": { "line": 9, "column": 4 },
          "end": { "line": 14, "column": null }
        },
        "type": "if",
        "locations": [
          {
            "start": { "line": 9, "column": 4 },
            "end": { "line": 14, "column": null }
          },
          { "start": {}, "end": {} }
        ],
        "line": 9
      },
      "1": {
        "loc": {
          "start": { "line": 30, "column": 9 },
          "end": { "line": 74, "column": null }
        },
        "type": "binary-expr",
        "locations": [
          {
            "start": { "line": 30, "column": 9 },
            "end": { "line": 30, "column": null }
          },
          {
            "start": { "line": 31, "column": 10 },
            "end": { "line": 74, "column": null }
          }
        ],
        "line": 30
      }
    },
    "s": {
      "0": 1,
      "1": 9,
      "2": 9,
      "3": 4,
      "4": 4,
      "5": 3,
      "6": 3,
      "7": 3,
      "8": 3,
      "9": 9,
      "10": 1,
      "11": 1,
      "12": 9,
      "13": 1,
      "14": 1,
      "15": 9
    },
    "f": { "0": 9, "1": 4, "2": 3, "3": 3, "4": 1, "5": 1 },
    "b": { "0": [3, 1], "1": [9, 3] },
    "meta": {
      "lastBranch": 2,
      "lastFunction": 6,
      "lastStatement": 16,
      "seen": {
        "s:4:32:79:Infinity": 0,
        "f:4:32:4:38": 0,
        "s:5:32:5:Infinity": 1,
        "s:7:2:15:Infinity": 2,
        "f:7:12:7:18": 1,
        "s:8:20:8:Infinity": 3,
        "b:9:4:14:Infinity:undefined:undefined:undefined:undefined": 0,
        "s:9:4:14:Infinity": 4,
        "s:10:20:12:Infinity": 5,
        "f:10:31:10:37": 2,
        "s:11:8:11:Infinity": 6,
        "s:13:6:13:Infinity": 7,
        "f:13:13:13:19": 3,
        "s:13:19:13:Infinity": 8,
        "s:17:23:20:Infinity": 9,
        "f:17:23:17:29": 4,
        "s:18:4:18:Infinity": 10,
        "s:19:4:19:Infinity": 11,
        "s:22:24:25:Infinity": 12,
        "f:22:24:22:30": 5,
        "s:23:4:23:Infinity": 13,
        "s:24:4:24:Infinity": 14,
        "s:27:2:77:Infinity": 15,
        "b:30:9:30:Infinity:31:10:74:Infinity": 1
      }
    }
  },
  "C:\\Repository\\dev-portfolio-templateTest4\\src\\components\\common\\ScrollToTop.tsx": {
    "path": "C:\\Repository\\dev-portfolio-templateTest4\\src\\components\\common\\ScrollToTop.tsx",
    "statementMap": {
      "0": {
        "start": { "line": 4, "column": 37 },
        "end": { "line": 57, "column": null }
      },
      "1": {
        "start": { "line": 5, "column": 32 },
        "end": { "line": 5, "column": null }
      },
      "2": {
        "start": { "line": 7, "column": 2 },
        "end": { "line": 18, "column": null }
      },
      "3": {
        "start": { "line": 8, "column": 29 },
        "end": { "line": 14, "column": null }
      },
      "4": {
        "start": { "line": 9, "column": 6 },
        "end": { "line": 13, "column": null }
      },
      "5": {
        "start": { "line": 10, "column": 8 },
        "end": { "line": 10, "column": null }
      },
      "6": {
        "start": { "line": 12, "column": 8 },
        "end": { "line": 12, "column": null }
      },
      "7": {
        "start": { "line": 16, "column": 4 },
        "end": { "line": 16, "column": null }
      },
      "8": {
        "start": { "line": 17, "column": 4 },
        "end": { "line": 17, "column": null }
      },
      "9": {
        "start": { "line": 17, "column": 17 },
        "end": { "line": 17, "column": null }
      },
      "10": {
        "start": { "line": 20, "column": 22 },
        "end": { "line": 25, "column": null }
      },
      "11": {
        "start": { "line": 21, "column": 4 },
        "end": { "line": 24, "column": null }
      },
      "12": {
        "start": { "line": 27, "column": 2 },
        "end": { "line": 55, "column": null }
      }
    },
    "fnMap": {
      "0": {
        "name": "(anonymous_0)",
        "decl": {
          "start": { "line": 4, "column": 37 },
          "end": { "line": 4, "column": 43 }
        },
        "loc": {
          "start": { "line": 4, "column": 43 },
          "end": { "line": 57, "column": null }
        },
        "line": 4
      },
      "1": {
        "name": "(anonymous_1)",
        "decl": {
          "start": { "line": 7, "column": 12 },
          "end": { "line": 7, "column": 18 }
        },
        "loc": {
          "start": { "line": 7, "column": 18 },
          "end": { "line": 18, "column": 5 }
        },
        "line": 7
      },
      "2": {
        "name": "(anonymous_2)",
        "decl": {
          "start": { "line": 8, "column": 29 },
          "end": { "line": 8, "column": 35 }
        },
        "loc": {
          "start": { "line": 8, "column": 35 },
          "end": { "line": 14, "column": null }
        },
        "line": 8
      },
      "3": {
        "name": "(anonymous_3)",
        "decl": {
          "start": { "line": 17, "column": 11 },
          "end": { "line": 17, "column": 17 }
        },
        "loc": {
          "start": { "line": 17, "column": 17 },
          "end": { "line": 17, "column": null }
        },
        "line": 17
      },
      "4": {
        "name": "(anonymous_4)",
        "decl": {
          "start": { "line": 20, "column": 22 },
          "end": { "line": 20, "column": 28 }
        },
        "loc": {
          "start": { "line": 20, "column": 28 },
          "end": { "line": 25, "column": null }
        },
        "line": 20
      }
    },
    "branchMap": {
      "0": {
        "loc": {
          "start": { "line": 9, "column": 6 },
          "end": { "line": 13, "column": null }
        },
        "type": "if",
        "locations": [
          {
            "start": { "line": 9, "column": 6 },
            "end": { "line": 13, "column": null }
          },
          {
            "start": { "line": 11, "column": 13 },
            "end": { "line": 13, "column": null }
          }
        ],
        "line": 9
      },
      "1": {
        "loc": {
          "start": { "line": 30, "column": 9 },
          "end": { "line": 52, "column": null }
        },
        "type": "binary-expr",
        "locations": [
          {
            "start": { "line": 30, "column": 9 },
            "end": { "line": 30, "column": null }
          },
          {
            "start": { "line": 31, "column": 10 },
            "end": { "line": 52, "column": null }
          }
        ],
        "line": 30
      }
    },
    "s": {
      "0": 1,
      "1": 5,
      "2": 5,
      "3": 3,
      "4": 2,
      "5": 2,
      "6": 0,
      "7": 3,
      "8": 3,
      "9": 3,
      "10": 5,
      "11": 1,
      "12": 5
    },
    "f": { "0": 5, "1": 3, "2": 2, "3": 3, "4": 1 },
    "b": { "0": [2, 0], "1": [5, 2] },
    "meta": {
      "lastBranch": 2,
      "lastFunction": 5,
      "lastStatement": 13,
      "seen": {
        "s:4:37:57:Infinity": 0,
        "f:4:37:4:43": 0,
        "s:5:32:5:Infinity": 1,
        "s:7:2:18:Infinity": 2,
        "f:7:12:7:18": 1,
        "s:8:29:14:Infinity": 3,
        "f:8:29:8:35": 2,
        "b:9:6:13:Infinity:11:13:13:Infinity": 0,
        "s:9:6:13:Infinity": 4,
        "s:10:8:10:Infinity": 5,
        "s:12:8:12:Infinity": 6,
        "s:16:4:16:Infinity": 7,
        "s:17:4:17:Infinity": 8,
        "f:17:11:17:17": 3,
        "s:17:17:17:Infinity": 9,
        "s:20:22:25:Infinity": 10,
        "f:20:22:20:28": 4,
        "s:21:4:24:Infinity": 11,
        "s:27:2:55:Infinity": 12,
        "b:30:9:30:Infinity:31:10:52:Infinity": 1
      }
    }
  },
  "C:\\Repository\\dev-portfolio-templateTest4\\src\\components\\common\\ThemeProvider.tsx": {
    "path": "C:\\Repository\\dev-portfolio-templateTest4\\src\\components\\common\\ThemeProvider.tsx",
    "statementMap": {
      "0": {
        "start": { "line": 17, "column": 6 },
        "end": { "line": 17, "column": null }
      },
      "1": {
        "start": { "line": 20, "column": 8 },
        "end": { "line": 20, "column": null }
      },
      "2": {
        "start": { "line": 22, "column": 2 },
        "end": { "line": 26, "column": null }
      },
      "3": {
        "start": { "line": 23, "column": 17 },
        "end": { "line": 23, "column": null }
      },
      "4": {
        "start": { "line": 24, "column": 25 },
        "end": { "line": 24, "column": null }
      },
      "5": {
        "start": { "line": 25, "column": 4 },
        "end": { "line": 25, "column": null }
      },
      "6": {
        "start": { "line": 28, "column": 2 },
        "end": { "line": 33, "column": null }
      },
      "7": {
        "start": { "line": 38, "column": 8 },
        "end": { "line": 38, "column": null }
      },
      "8": {
        "start": { "line": 40, "column": 2 },
        "end": { "line": 44, "column": null }
      }
    },
    "fnMap": {
      "0": {
        "name": "ThemeProvider",
        "decl": {
          "start": { "line": 19, "column": 16 },
          "end": { "line": 19, "column": 30 }
        },
        "loc": {
          "start": { "line": 19, "column": 75 },
          "end": { "line": 35, "column": null }
        },
        "line": 19
      },
      "1": {
        "name": "(anonymous_1)",
        "decl": {
          "start": { "line": 22, "column": 12 },
          "end": { "line": 22, "column": 18 }
        },
        "loc": {
          "start": { "line": 22, "column": 18 },
          "end": { "line": 26, "column": 5 }
        },
        "line": 22
      },
      "2": {
        "name": "useTheme",
        "decl": {
          "start": { "line": 37, "column": 16 },
          "end": { "line": 37, "column": 27 }
        },
        "loc": {
          "start": { "line": 37, "column": 27 },
          "end": { "line": 45, "column": null }
        },
        "line": 37
      }
    },
    "branchMap": {
      "0": {
        "loc": {
          "start": { "line": 24, "column": 25 },
          "end": { "line": 24, "column": null }
        },
        "type": "cond-expr",
        "locations": [
          {
            "start": { "line": 24, "column": 59 },
            "end": { "line": 24, "column": 68 }
          },
          {
            "start": { "line": 24, "column": 68 },
            "end": { "line": 24, "column": null }
          }
        ],
        "line": 24
      }
    },
    "s": {
      "0": 2,
      "1": 9,
      "2": 9,
      "3": 3,
      "4": 3,
      "5": 3,
      "6": 9,
      "7": 9,
      "8": 9
    },
    "f": { "0": 9, "1": 3, "2": 9 },
    "b": { "0": [0, 3] },
    "meta": {
      "lastBranch": 1,
      "lastFunction": 3,
      "lastStatement": 9,
      "seen": {
        "s:17:6:17:Infinity": 0,
        "f:19:16:19:30": 0,
        "s:20:8:20:Infinity": 1,
        "s:22:2:26:Infinity": 2,
        "f:22:12:22:18": 1,
        "s:23:17:23:Infinity": 3,
        "s:24:25:24:Infinity": 4,
        "b:24:59:24:68:24:68:24:Infinity": 0,
        "s:25:4:25:Infinity": 5,
        "s:28:2:33:Infinity": 6,
        "f:37:16:37:27": 2,
        "s:38:8:38:Infinity": 7,
        "s:40:2:44:Infinity": 8
      }
    }
  },
  "C:\\Repository\\dev-portfolio-templateTest4\\src\\components\\common\\ThemeToggle.tsx": {
    "path": "C:\\Repository\\dev-portfolio-templateTest4\\src\\components\\common\\ThemeToggle.tsx",
    "statementMap": {
      "0": {
        "start": { "line": 5, "column": 37 },
        "end": { "line": 70, "column": null }
      },
      "1": {
        "start": { "line": 6, "column": 29 },
        "end": { "line": 6, "column": null }
      },
      "2": {
        "start": { "line": 8, "column": 2 },
        "end": { "line": 68, "column": null }
      }
    },
    "fnMap": {
      "0": {
        "name": "(anonymous_0)",
        "decl": {
          "start": { "line": 5, "column": 37 },
          "end": { "line": 5, "column": 43 }
        },
        "loc": {
          "start": { "line": 5, "column": 43 },
          "end": { "line": 70, "column": null }
        },
        "line": 5
      }
    },
    "branchMap": {
      "0": {
        "loc": {
          "start": { "line": 13, "column": 33 },
          "end": { "line": 13, "column": 68 }
        },
        "type": "cond-expr",
        "locations": [
          {
            "start": { "line": 13, "column": 52 },
            "end": { "line": 13, "column": 62 }
          },
          {
            "start": { "line": 13, "column": 62 },
            "end": { "line": 13, "column": 68 }
          }
        ],
        "line": 13
      },
      "1": {
        "loc": {
          "start": { "line": 19, "column": 11 },
          "end": { "line": 64, "column": null }
        },
        "type": "cond-expr",
        "locations": [
          {
            "start": { "line": 20, "column": 12 },
            "end": { "line": 37, "column": null }
          },
          {
            "start": { "line": 39, "column": 12 },
            "end": { "line": 64, "column": null }
          }
        ],
        "line": 19
      }
    },
    "s": { "0": 1, "1": 4, "2": 4 },
    "f": { "0": 4 },
    "b": { "0": [1, 3], "1": [1, 3] },
    "meta": {
      "lastBranch": 2,
      "lastFunction": 1,
      "lastStatement": 3,
      "seen": {
        "s:5:37:70:Infinity": 0,
        "f:5:37:5:43": 0,
        "s:6:29:6:Infinity": 1,
        "s:8:2:68:Infinity": 2,
        "b:13:52:13:62:13:62:13:68": 0,
        "b:20:12:37:Infinity:39:12:64:Infinity": 1
      }
    }
  },
  "C:\\Repository\\dev-portfolio-templateTest4\\src\\components\\ui\\ReadingProgress.tsx": {
    "path": "C:\\Repository\\dev-portfolio-templateTest4\\src\\components\\ui\\ReadingProgress.tsx",
    "statementMap": {
      "0": {
        "start": { "line": 14, "column": 41 },
        "end": { "line": 33, "column": null }
      },
      "1": {
        "start": { "line": 15, "column": 26 },
        "end": { "line": 15, "column": null }
      },
      "2": {
        "start": { "line": 17, "column": 8 },
        "end": { "line": 21, "column": null }
      },
      "3": {
        "start": { "line": 23, "column": 2 },
        "end": { "line": 31, "column": null }
      }
    },
    "fnMap": {
      "0": {
        "name": "(anonymous_0)",
        "decl": {
          "start": { "line": 14, "column": 41 },
          "end": { "line": 14, "column": 47 }
        },
        "loc": {
          "start": { "line": 14, "column": 47 },
          "end": { "line": 33, "column": null }
        },
        "line": 14
      }
    },
    "branchMap": {},
    "s": { "0": 1, "1": 3, "2": 3, "3": 3 },
    "f": { "0": 3 },
    "b": {},
    "meta": {
      "lastBranch": 0,
      "lastFunction": 1,
      "lastStatement": 4,
      "seen": {
        "s:14:41:33:Infinity": 0,
        "f:14:41:14:47": 0,
        "s:15:26:15:Infinity": 1,
        "s:17:8:21:Infinity": 2,
        "s:23:2:31:Infinity": 3
      }
    }
  },
  "C:\\Repository\\dev-portfolio-templateTest4\\src\\components\\ui\\ShareButtons.tsx": {
    "path": "C:\\Repository\\dev-portfolio-templateTest4\\src\\components\\ui\\ShareButtons.tsx",
    "statementMap": {
      "0": {
        "start": { "line": 10, "column": 57 },
        "end": { "line": 196, "column": null }
      },
      "1": {
        "start": { "line": 15, "column": 30 },
        "end": { "line": 15, "column": null }
      },
      "2": {
        "start": { "line": 16, "column": 36 },
        "end": { "line": 16, "column": null }
      },
      "3": {
        "start": { "line": 17, "column": 30 },
        "end": { "line": 17, "column": null }
      },
      "4": {
        "start": { "line": 19, "column": 2 },
        "end": { "line": 21, "column": null }
      },
      "5": {
        "start": { "line": 20, "column": 4 },
        "end": { "line": 20, "column": null }
      },
      "6": {
        "start": { "line": 24, "column": 4 },
        "end": { "line": 28, "column": null }
      },
      "7": {
        "start": { "line": 30, "column": 28 },
        "end": { "line": 46, "column": null }
      },
      "8": {
        "start": { "line": 31, "column": 4 },
        "end": { "line": 45, "column": null }
      },
      "9": {
        "start": { "line": 32, "column": 6 },
        "end": { "line": 42, "column": null }
      },
      "10": {
        "start": { "line": 33, "column": 8 },
        "end": { "line": 37, "column": null }
      },
      "11": {
        "start": { "line": 39, "column": 8 },
        "end": { "line": 41, "column": null }
      },
      "12": {
        "start": { "line": 40, "column": 10 },
        "end": { "line": 40, "column": null }
      },
      "13": {
        "start": { "line": 44, "column": 6 },
        "end": { "line": 44, "column": null }
      },
      "14": {
        "start": { "line": 48, "column": 26 },
        "end": { "line": 56, "column": null }
      },
      "15": {
        "start": { "line": 49, "column": 4 },
        "end": { "line": 55, "column": null }
      },
      "16": {
        "start": { "line": 50, "column": 6 },
        "end": { "line": 50, "column": null }
      },
      "17": {
        "start": { "line": 51, "column": 6 },
        "end": { "line": 51, "column": null }
      },
      "18": {
        "start": { "line": 52, "column": 6 },
        "end": { "line": 52, "column": null }
      },
      "19": {
        "start": { "line": 52, "column": 23 },
        "end": { "line": 52, "column": 43 }
      },
      "20": {
        "start": { "line": 54, "column": 6 },
        "end": { "line": 54, "column": null }
      },
      "21": {
        "start": { "line": 58, "column": 21 },
        "end": { "line": 99, "column": null }
      },
      "22": {
        "start": { "line": 101, "column": 2 },
        "end": { "line": 194, "column": null }
      },
      "23": {
        "start": { "line": 138, "column": 16 },
        "end": { "line": 149, "column": null }
      }
    },
    "fnMap": {
      "0": {
        "name": "(anonymous_0)",
        "decl": {
          "start": { "line": 10, "column": 57 },
          "end": { "line": 10, "column": 58 }
        },
        "loc": {
          "start": { "line": 14, "column": 6 },
          "end": { "line": 196, "column": null }
        },
        "line": 14
      },
      "1": {
        "name": "(anonymous_1)",
        "decl": {
          "start": { "line": 19, "column": 12 },
          "end": { "line": 19, "column": 18 }
        },
        "loc": {
          "start": { "line": 19, "column": 18 },
          "end": { "line": 21, "column": 5 }
        },
        "line": 19
      },
      "2": {
        "name": "(anonymous_2)",
        "decl": {
          "start": { "line": 30, "column": 28 },
          "end": { "line": 30, "column": 40 }
        },
        "loc": {
          "start": { "line": 30, "column": 40 },
          "end": { "line": 46, "column": null }
        },
        "line": 30
      },
      "3": {
        "name": "(anonymous_3)",
        "decl": {
          "start": { "line": 48, "column": 26 },
          "end": { "line": 48, "column": 38 }
        },
        "loc": {
          "start": { "line": 48, "column": 38 },
          "end": { "line": 56, "column": null }
        },
        "line": 48
      },
      "4": {
        "name": "(anonymous_4)",
        "decl": {
          "start": { "line": 52, "column": 17 },
          "end": { "line": 52, "column": 23 }
        },
        "loc": {
          "start": { "line": 52, "column": 23 },
          "end": { "line": 52, "column": 43 }
        },
        "line": 52
      },
      "5": {
        "name": "(anonymous_5)",
        "decl": {
          "start": { "line": 137, "column": 30 },
          "end": { "line": 137, "column": 31 }
        },
        "loc": {
          "start": { "line": 138, "column": 16 },
          "end": { "line": 149, "column": null }
        },
        "line": 138
      }
    },
    "branchMap": {
      "0": {
        "loc": {
          "start": { "line": 24, "column": 4 },
          "end": { "line": 28, "column": null }
        },
        "type": "cond-expr",
        "locations": [
          {
            "start": { "line": 25, "column": 8 },
            "end": { "line": 27, "column": null }
          },
          {
            "start": { "line": 28, "column": 8 },
            "end": { "line": 28, "column": null }
          }
        ],
        "line": 24
      },
      "1": {
        "loc": {
          "start": { "line": 25, "column": 8 },
          "end": { "line": 27, "column": null }
        },
        "type": "cond-expr",
        "locations": [
          {
            "start": { "line": 26, "column": 10 },
            "end": { "line": 26, "column": null }
          },
          {
            "start": { "line": 27, "column": 10 },
            "end": { "line": 27, "column": null }
          }
        ],
        "line": 25
      },
      "2": {
        "loc": {
          "start": { "line": 31, "column": 4 },
          "end": { "line": 45, "column": null }
        },
        "type": "if",
        "locations": [
          {
            "start": { "line": 31, "column": 4 },
            "end": { "line": 45, "column": null }
          },
          {
            "start": { "line": 43, "column": 11 },
            "end": { "line": 45, "column": null }
          }
        ],
        "line": 31
      },
      "3": {
        "loc": {
          "start": { "line": 39, "column": 8 },
          "end": { "line": 41, "column": null }
        },
        "type": "if",
        "locations": [
          {
            "start": { "line": 39, "column": 8 },
            "end": { "line": 41, "column": null }
          },
          { "start": {}, "end": {} }
        ],
        "line": 39
      },
      "4": {
        "loc": {
          "start": { "line": 130, "column": 12 },
          "end": { "line": 190, "column": null }
        },
        "type": "binary-expr",
        "locations": [
          {
            "start": { "line": 130, "column": 12 },
            "end": { "line": 130, "column": 27 }
          },
          {
            "start": { "line": 130, "column": 27 },
            "end": { "line": 130, "column": null }
          },
          {
            "start": { "line": 131, "column": 12 },
            "end": { "line": 190, "column": null }
          }
        ],
        "line": 130
      },
      "5": {
        "loc": {
          "start": { "line": 154, "column": 186 },
          "end": { "line": 154, "column": 283 }
        },
        "type": "cond-expr",
        "locations": [
          {
            "start": { "line": 154, "column": 197 },
            "end": { "line": 154, "column": 229 }
          },
          {
            "start": { "line": 154, "column": 229 },
            "end": { "line": 154, "column": 283 }
          }
        ],
        "line": 154
      },
      "6": {
        "loc": {
          "start": { "line": 159, "column": 17 },
          "end": { "line": 187, "column": null }
        },
        "type": "cond-expr",
        "locations": [
          {
            "start": { "line": 160, "column": 18 },
            "end": { "line": 172, "column": null }
          },
          {
            "start": { "line": 174, "column": 18 },
            "end": { "line": 187, "column": null }
          }
        ],
        "line": 159
      }
    },
    "s": {
      "0": 1,
      "1": 5,
      "2": 5,
      "3": 5,
      "4": 5,
      "5": 4,
      "6": 5,
      "7": 5,
      "8": 1,
      "9": 1,
      "10": 1,
      "11": 0,
      "12": 0,
      "13": 0,
      "14": 5,
      "15": 1,
      "16": 1,
      "17": 1,
      "18": 1,
      "19": 0,
      "20": 0,
      "21": 5,
      "22": 5,
      "23": 8
    },
    "f": { "0": 5, "1": 4, "2": 1, "3": 1, "4": 0, "5": 8 },
    "b": {
      "0": [5, 0],
      "1": [0, 5],
      "2": [1, 0],
      "3": [0, 0],
      "4": [5, 5, 4],
      "5": [0, 4],
      "6": [0, 4]
    },
    "meta": {
      "lastBranch": 7,
      "lastFunction": 6,
      "lastStatement": 24,
      "seen": {
        "s:10:57:196:Infinity": 0,
        "f:10:57:10:58": 0,
        "s:15:30:15:Infinity": 1,
        "s:16:36:16:Infinity": 2,
        "s:17:30:17:Infinity": 3,
        "s:19:2:21:Infinity": 4,
        "f:19:12:19:18": 1,
        "s:20:4:20:Infinity": 5,
        "s:24:4:28:Infinity": 6,
        "b:25:8:27:Infinity:28:8:28:Infinity": 0,
        "b:26:10:26:Infinity:27:10:27:Infinity": 1,
        "s:30:28:46:Infinity": 7,
        "f:30:28:30:40": 2,
        "b:31:4:45:Infinity:43:11:45:Infinity": 2,
        "s:31:4:45:Infinity": 8,
        "s:32:6:42:Infinity": 9,
        "s:33:8:37:Infinity": 10,
        "b:39:8:41:Infinity:undefined:undefined:undefined:undefined": 3,
        "s:39:8:41:Infinity": 11,
        "s:40:10:40:Infinity": 12,
        "s:44:6:44:Infinity": 13,
        "s:48:26:56:Infinity": 14,
        "f:48:26:48:38": 3,
        "s:49:4:55:Infinity": 15,
        "s:50:6:50:Infinity": 16,
        "s:51:6:51:Infinity": 17,
        "s:52:6:52:Infinity": 18,
        "f:52:17:52:23": 4,
        "s:52:23:52:43": 19,
        "s:54:6:54:Infinity": 20,
        "s:58:21:99:Infinity": 21,
        "s:101:2:194:Infinity": 22,
        "b:130:12:130:27:130:27:130:Infinity:131:12:190:Infinity": 4,
        "f:137:30:137:31": 5,
        "s:138:16:149:Infinity": 23,
        "b:154:197:154:229:154:229:154:283": 5,
        "b:160:18:172:Infinity:174:18:187:Infinity": 6
      }
    }
  },
  "C:\\Repository\\dev-portfolio-templateTest4\\src\\data\\blog.json": {
    "path": "C:\\Repository\\dev-portfolio-templateTest4\\src\\data\\blog.json",
    "statementMap": {},
    "fnMap": {},
    "branchMap": {},
    "s": {},
    "f": {},
    "b": {},
    "meta": {
      "lastBranch": 0,
      "lastFunction": 0,
      "lastStatement": 0,
      "seen": {}
    }
  },
  "C:\\Repository\\dev-portfolio-templateTest4\\src\\data\\experience.json": {
    "path": "C:\\Repository\\dev-portfolio-templateTest4\\src\\data\\experience.json",
    "statementMap": {},
    "fnMap": {},
    "branchMap": {},
    "s": {},
    "f": {},
    "b": {},
    "meta": {
      "lastBranch": 0,
      "lastFunction": 0,
      "lastStatement": 0,
      "seen": {}
    }
  },
  "C:\\Repository\\dev-portfolio-templateTest4\\src\\data\\navigation.json": {
    "path": "C:\\Repository\\dev-portfolio-templateTest4\\src\\data\\navigation.json",
    "statementMap": {},
    "fnMap": {},
    "branchMap": {},
    "s": {},
    "f": {},
    "b": {},
    "meta": {
      "lastBranch": 0,
      "lastFunction": 0,
      "lastStatement": 0,
      "seen": {}
    }
  },
  "C:\\Repository\\dev-portfolio-templateTest4\\src\\data\\personal.json": {
    "path": "C:\\Repository\\dev-portfolio-templateTest4\\src\\data\\personal.json",
    "statementMap": {},
    "fnMap": {},
    "branchMap": {},
    "s": {},
    "f": {},
    "b": {},
    "meta": {
      "lastBranch": 0,
      "lastFunction": 0,
      "lastStatement": 0,
      "seen": {}
    }
  },
  "C:\\Repository\\dev-portfolio-templateTest4\\src\\data\\projects.json": {
    "path": "C:\\Repository\\dev-portfolio-templateTest4\\src\\data\\projects.json",
    "statementMap": {},
    "fnMap": {},
    "branchMap": {},
    "s": {},
    "f": {},
    "b": {},
    "meta": {
      "lastBranch": 0,
      "lastFunction": 0,
      "lastStatement": 0,
      "seen": {}
    }
  },
  "C:\\Repository\\dev-portfolio-templateTest4\\src\\data\\skills.json": {
    "path": "C:\\Repository\\dev-portfolio-templateTest4\\src\\data\\skills.json",
    "statementMap": {},
    "fnMap": {},
    "branchMap": {},
    "s": {},
    "f": {},
    "b": {},
    "meta": {
      "lastBranch": 0,
      "lastFunction": 0,
      "lastStatement": 0,
      "seen": {}
    }
  },
  "C:\\Repository\\dev-portfolio-templateTest4\\src\\lib\\data.ts": {
    "path": "C:\\Repository\\dev-portfolio-templateTest4\\src\\lib\\data.ts",
    "statementMap": {
      "0": {
        "start": { "line": 14, "column": 31 },
        "end": { "line": 14, "column": null }
      },
      "1": {
        "start": { "line": 14, "column": 37 },
        "end": { "line": 14, "column": null }
      },
      "2": {
        "start": { "line": 17, "column": 31 },
        "end": { "line": 17, "column": null }
      },
      "3": {
        "start": { "line": 17, "column": 37 },
        "end": { "line": 17, "column": null }
      },
      "4": {
        "start": { "line": 19, "column": 35 },
        "end": { "line": 20, "column": null }
      },
      "5": {
        "start": { "line": 20, "column": 3 },
        "end": { "line": 20, "column": null }
      },
      "6": {
        "start": { "line": 20, "column": 50 },
        "end": { "line": 20, "column": 66 }
      },
      "7": {
        "start": { "line": 22, "column": 37 },
        "end": { "line": 28, "column": null }
      },
      "8": {
        "start": { "line": 23, "column": 19 },
        "end": { "line": 23, "column": null }
      },
      "9": {
        "start": { "line": 24, "column": 2 },
        "end": { "line": 24, "column": null }
      },
      "10": {
        "start": { "line": 24, "column": 40 },
        "end": { "line": 24, "column": null }
      },
      "11": {
        "start": { "line": 25, "column": 2 },
        "end": { "line": 27, "column": null }
      },
      "12": {
        "start": { "line": 26, "column": 17 },
        "end": { "line": 26, "column": null }
      },
      "13": {
        "start": { "line": 30, "column": 30 },
        "end": { "line": 31, "column": null }
      },
      "14": {
        "start": { "line": 31, "column": 3 },
        "end": { "line": 31, "column": null }
      },
      "15": {
        "start": { "line": 31, "column": 48 },
        "end": { "line": 31, "column": 65 }
      },
      "16": {
        "start": { "line": 33, "column": 36 },
        "end": { "line": 36, "column": null }
      },
      "17": {
        "start": { "line": 33, "column": 42 },
        "end": { "line": 36, "column": null }
      },
      "18": {
        "start": { "line": 35, "column": 58 },
        "end": { "line": 35, "column": 74 }
      },
      "19": {
        "start": { "line": 39, "column": 29 },
        "end": { "line": 39, "column": null }
      },
      "20": {
        "start": { "line": 39, "column": 35 },
        "end": { "line": 39, "column": null }
      },
      "21": {
        "start": { "line": 41, "column": 35 },
        "end": { "line": 42, "column": null }
      },
      "22": {
        "start": { "line": 42, "column": 2 },
        "end": { "line": 42, "column": null }
      },
      "23": {
        "start": { "line": 42, "column": 25 },
        "end": { "line": 42, "column": 76 }
      },
      "24": {
        "start": { "line": 45, "column": 33 },
        "end": { "line": 45, "column": null }
      },
      "25": {
        "start": { "line": 45, "column": 39 },
        "end": { "line": 45, "column": null }
      },
      "26": {
        "start": { "line": 47, "column": 35 },
        "end": { "line": 50, "column": null }
      },
      "27": {
        "start": { "line": 48, "column": 2 },
        "end": { "line": 50, "column": null }
      },
      "28": {
        "start": { "line": 49, "column": 4 },
        "end": { "line": 49, "column": null }
      },
      "29": {
        "start": { "line": 53, "column": 27 },
        "end": { "line": 53, "column": null }
      },
      "30": {
        "start": { "line": 53, "column": 33 },
        "end": { "line": 53, "column": null }
      },
      "31": {
        "start": { "line": 55, "column": 34 },
        "end": { "line": 58, "column": null }
      },
      "32": {
        "start": { "line": 56, "column": 2 },
        "end": { "line": 58, "column": null }
      },
      "33": {
        "start": { "line": 57, "column": 14 },
        "end": { "line": 57, "column": null }
      },
      "34": {
        "start": { "line": 61, "column": 33 },
        "end": { "line": 61, "column": null }
      },
      "35": {
        "start": { "line": 61, "column": 39 },
        "end": { "line": 61, "column": null }
      }
    },
    "fnMap": {
      "0": {
        "name": "(anonymous_0)",
        "decl": {
          "start": { "line": 14, "column": 31 },
          "end": { "line": 14, "column": 37 }
        },
        "loc": {
          "start": { "line": 14, "column": 37 },
          "end": { "line": 14, "column": null }
        },
        "line": 14
      },
      "1": {
        "name": "(anonymous_1)",
        "decl": {
          "start": { "line": 17, "column": 31 },
          "end": { "line": 17, "column": 37 }
        },
        "loc": {
          "start": { "line": 17, "column": 37 },
          "end": { "line": 17, "column": null }
        },
        "line": 17
      },
      "2": {
        "name": "(anonymous_2)",
        "decl": {
          "start": { "line": 19, "column": 35 },
          "end": { "line": 19, "column": null }
        },
        "loc": {
          "start": { "line": 20, "column": 3 },
          "end": { "line": 20, "column": null }
        },
        "line": 20
      },
      "3": {
        "name": "(anonymous_3)",
        "decl": {
          "start": { "line": 20, "column": 37 },
          "end": { "line": 20, "column": 38 }
        },
        "loc": {
          "start": { "line": 20, "column": 50 },
          "end": { "line": 20, "column": 66 }
        },
        "line": 20
      },
      "4": {
        "name": "(anonymous_4)",
        "decl": {
          "start": { "line": 22, "column": 37 },
          "end": { "line": 22, "column": 38 }
        },
        "loc": {
          "start": { "line": 22, "column": 59 },
          "end": { "line": 28, "column": null }
        },
        "line": 22
      },
      "5": {
        "name": "(anonymous_5)",
        "decl": {
          "start": { "line": 26, "column": 4 },
          "end": { "line": 26, "column": 5 }
        },
        "loc": {
          "start": { "line": 26, "column": 17 },
          "end": { "line": 26, "column": null }
        },
        "line": 26
      },
      "6": {
        "name": "(anonymous_6)",
        "decl": {
          "start": { "line": 30, "column": 30 },
          "end": { "line": 30, "column": 31 }
        },
        "loc": {
          "start": { "line": 31, "column": 3 },
          "end": { "line": 31, "column": null }
        },
        "line": 31
      },
      "7": {
        "name": "(anonymous_7)",
        "decl": {
          "start": { "line": 31, "column": 35 },
          "end": { "line": 31, "column": 36 }
        },
        "loc": {
          "start": { "line": 31, "column": 48 },
          "end": { "line": 31, "column": 65 }
        },
        "line": 31
      },
      "8": {
        "name": "(anonymous_8)",
        "decl": {
          "start": { "line": 33, "column": 36 },
          "end": { "line": 33, "column": 42 }
        },
        "loc": {
          "start": { "line": 33, "column": 42 },
          "end": { "line": 36, "column": null }
        },
        "line": 33
      },
      "9": {
        "name": "(anonymous_9)",
        "decl": {
          "start": { "line": 35, "column": 45 },
          "end": { "line": 35, "column": 46 }
        },
        "loc": {
          "start": { "line": 35, "column": 58 },
          "end": { "line": 35, "column": 74 }
        },
        "line": 35
      },
      "10": {
        "name": "(anonymous_10)",
        "decl": {
          "start": { "line": 39, "column": 29 },
          "end": { "line": 39, "column": 35 }
        },
        "loc": {
          "start": { "line": 39, "column": 35 },
          "end": { "line": 39, "column": null }
        },
        "line": 39
      },
      "11": {
        "name": "(anonymous_11)",
        "decl": {
          "start": { "line": 41, "column": 35 },
          "end": { "line": 41, "column": 36 }
        },
        "loc": {
          "start": { "line": 42, "column": 2 },
          "end": { "line": 42, "column": null }
        },
        "line": 42
      },
      "12": {
        "name": "(anonymous_12)",
        "decl": {
          "start": { "line": 42, "column": 18 },
          "end": { "line": 42, "column": 19 }
        },
        "loc": {
          "start": { "line": 42, "column": 25 },
          "end": { "line": 42, "column": 76 }
        },
        "line": 42
      },
      "13": {
        "name": "(anonymous_13)",
        "decl": {
          "start": { "line": 45, "column": 33 },
          "end": { "line": 45, "column": 39 }
        },
        "loc": {
          "start": { "line": 45, "column": 39 },
          "end": { "line": 45, "column": null }
        },
        "line": 45
      },
      "14": {
        "name": "(anonymous_14)",
        "decl": {
          "start": { "line": 47, "column": 35 },
          "end": { "line": 47, "column": null }
        },
        "loc": {
          "start": { "line": 48, "column": 2 },
          "end": { "line": 50, "column": null }
        },
        "line": 48
      },
      "15": {
        "name": "(anonymous_15)",
        "decl": {
          "start": { "line": 48, "column": 45 },
          "end": { "line": 48, "column": 46 }
        },
        "loc": {
          "start": { "line": 49, "column": 4 },
          "end": { "line": 49, "column": null }
        },
        "line": 49
      },
      "16": {
        "name": "(anonymous_16)",
        "decl": {
          "start": { "line": 53, "column": 27 },
          "end": { "line": 53, "column": 33 }
        },
        "loc": {
          "start": { "line": 53, "column": 33 },
          "end": { "line": 53, "column": null }
        },
        "line": 53
      },
      "17": {
        "name": "(anonymous_17)",
        "decl": {
          "start": { "line": 55, "column": 34 },
          "end": { "line": 55, "column": null }
        },
        "loc": {
          "start": { "line": 56, "column": 2 },
          "end": { "line": 58, "column": null }
        },
        "line": 56
      },
      "18": {
        "name": "(anonymous_18)",
        "decl": {
          "start": { "line": 57, "column": 4 },
          "end": { "line": 57, "column": 5 }
        },
        "loc": {
          "start": { "line": 57, "column": 14 },
          "end": { "line": 57, "column": null }
        },
        "line": 57
      },
      "19": {
        "name": "(anonymous_19)",
        "decl": {
          "start": { "line": 61, "column": 33 },
          "end": { "line": 61, "column": 39 }
        },
        "loc": {
          "start": { "line": 61, "column": 39 },
          "end": { "line": 61, "column": null }
        },
        "line": 61
      }
    },
    "branchMap": {
      "0": {
        "loc": {
          "start": { "line": 24, "column": 2 },
          "end": { "line": 24, "column": null }
        },
        "type": "if",
        "locations": [
          {
            "start": { "line": 24, "column": 2 },
            "end": { "line": 24, "column": null }
          },
          { "start": {}, "end": {} }
        ],
        "line": 24
      }
    },
    "s": {
      "0": 1,
      "1": 1,
      "2": 1,
      "3": 2,
      "4": 1,
      "5": 1,
      "6": 5,
      "7": 1,
      "8": 1,
      "9": 1,
      "10": 0,
      "11": 1,
      "12": 5,
      "13": 1,
      "14": 1,
      "15": 1,
      "16": 1,
      "17": 1,
      "18": 5,
      "19": 1,
      "20": 1,
      "21": 1,
      "22": 0,
      "23": 0,
      "24": 1,
      "25": 0,
      "26": 1,
      "27": 1,
      "28": 3,
      "29": 1,
      "30": 0,
      "31": 1,
      "32": 1,
      "33": 2,
      "34": 1,
      "35": 0
    },
    "f": {
      "0": 1,
      "1": 2,
      "2": 1,
      "3": 5,
      "4": 1,
      "5": 5,
      "6": 1,
      "7": 1,
      "8": 1,
      "9": 5,
      "10": 1,
      "11": 0,
      "12": 0,
      "13": 0,
      "14": 1,
      "15": 3,
      "16": 0,
      "17": 1,
      "18": 2,
      "19": 0
    },
    "b": { "0": [0, 1] },
    "meta": {
      "lastBranch": 1,
      "lastFunction": 20,
      "lastStatement": 36,
      "seen": {
        "s:14:31:14:Infinity": 0,
        "f:14:31:14:37": 0,
        "s:14:37:14:Infinity": 1,
        "s:17:31:17:Infinity": 2,
        "f:17:31:17:37": 1,
        "s:17:37:17:Infinity": 3,
        "s:19:35:20:Infinity": 4,
        "f:19:35:19:Infinity": 2,
        "s:20:3:20:Infinity": 5,
        "f:20:37:20:38": 3,
        "s:20:50:20:66": 6,
        "s:22:37:28:Infinity": 7,
        "f:22:37:22:38": 4,
        "s:23:19:23:Infinity": 8,
        "b:24:2:24:Infinity:undefined:undefined:undefined:undefined": 0,
        "s:24:2:24:Infinity": 9,
        "s:24:40:24:Infinity": 10,
        "s:25:2:27:Infinity": 11,
        "f:26:4:26:5": 5,
        "s:26:17:26:Infinity": 12,
        "s:30:30:31:Infinity": 13,
        "f:30:30:30:31": 6,
        "s:31:3:31:Infinity": 14,
        "f:31:35:31:36": 7,
        "s:31:48:31:65": 15,
        "s:33:36:36:Infinity": 16,
        "f:33:36:33:42": 8,
        "s:33:42:36:Infinity": 17,
        "f:35:45:35:46": 9,
        "s:35:58:35:74": 18,
        "s:39:29:39:Infinity": 19,
        "f:39:29:39:35": 10,
        "s:39:35:39:Infinity": 20,
        "s:41:35:42:Infinity": 21,
        "f:41:35:41:36": 11,
        "s:42:2:42:Infinity": 22,
        "f:42:18:42:19": 12,
        "s:42:25:42:76": 23,
        "s:45:33:45:Infinity": 24,
        "f:45:33:45:39": 13,
        "s:45:39:45:Infinity": 25,
        "s:47:35:50:Infinity": 26,
        "f:47:35:47:Infinity": 14,
        "s:48:2:50:Infinity": 27,
        "f:48:45:48:46": 15,
        "s:49:4:49:Infinity": 28,
        "s:53:27:53:Infinity": 29,
        "f:53:27:53:33": 16,
        "s:53:33:53:Infinity": 30,
        "s:55:34:58:Infinity": 31,
        "f:55:34:55:Infinity": 17,
        "s:56:2:58:Infinity": 32,
        "f:57:4:57:5": 18,
        "s:57:14:57:Infinity": 33,
        "s:61:33:61:Infinity": 34,
        "f:61:33:61:39": 19,
        "s:61:39:61:Infinity": 35
      }
    }
  },
  "C:\\Repository\\dev-portfolio-templateTest4\\src\\lib\\themeStore.ts": {
    "path": "C:\\Repository\\dev-portfolio-templateTest4\\src\\lib\\themeStore.ts",
    "statementMap": {
      "0": {
        "start": { "line": 5, "column": 13 },
        "end": { "line": 5, "column": null }
      },
      "1": {
        "start": { "line": 8, "column": 18 },
        "end": { "line": 8, "column": null }
      },
      "2": {
        "start": { "line": 9, "column": 15 },
        "end": { "line": 9, "column": null }
      },
      "3": {
        "start": { "line": 10, "column": 2 },
        "end": { "line": 10, "column": null }
      },
      "4": {
        "start": { "line": 14, "column": 2 },
        "end": { "line": 14, "column": null }
      },
      "5": {
        "start": { "line": 14, "column": 17 },
        "end": { "line": 14, "column": null }
      },
      "6": {
        "start": { "line": 16, "column": 15 },
        "end": { "line": 16, "column": null }
      },
      "7": {
        "start": { "line": 17, "column": 25 },
        "end": { "line": 17, "column": null }
      },
      "8": {
        "start": { "line": 19, "column": 2 },
        "end": { "line": 27, "column": null }
      },
      "9": {
        "start": { "line": 20, "column": 4 },
        "end": { "line": 20, "column": null }
      },
      "10": {
        "start": { "line": 21, "column": 4 },
        "end": { "line": 21, "column": null }
      },
      "11": {
        "start": { "line": 22, "column": 4 },
        "end": { "line": 22, "column": null }
      },
      "12": {
        "start": { "line": 22, "column": 24 },
        "end": { "line": 22, "column": null }
      },
      "13": {
        "start": { "line": 24, "column": 4 },
        "end": { "line": 24, "column": null }
      },
      "14": {
        "start": { "line": 25, "column": 4 },
        "end": { "line": 25, "column": null }
      },
      "15": {
        "start": { "line": 26, "column": 4 },
        "end": { "line": 26, "column": null }
      },
      "16": {
        "start": { "line": 26, "column": 24 },
        "end": { "line": 26, "column": null }
      },
      "17": {
        "start": { "line": 29, "column": 2 },
        "end": { "line": 29, "column": null }
      },
      "18": {
        "start": { "line": 30, "column": 2 },
        "end": { "line": 30, "column": null }
      }
    },
    "fnMap": {
      "0": {
        "name": "toggleTheme",
        "decl": {
          "start": { "line": 7, "column": 16 },
          "end": { "line": 7, "column": 30 }
        },
        "loc": {
          "start": { "line": 7, "column": 30 },
          "end": { "line": 11, "column": null }
        },
        "line": 7
      },
      "1": {
        "name": "setTheme",
        "decl": {
          "start": { "line": 13, "column": 16 },
          "end": { "line": 13, "column": 25 }
        },
        "loc": {
          "start": { "line": 13, "column": 42 },
          "end": { "line": 31, "column": null }
        },
        "line": 13
      }
    },
    "branchMap": {
      "0": {
        "loc": {
          "start": { "line": 9, "column": 15 },
          "end": { "line": 9, "column": null }
        },
        "type": "cond-expr",
        "locations": [
          {
            "start": { "line": 9, "column": 36 },
            "end": { "line": 9, "column": 46 }
          },
          {
            "start": { "line": 9, "column": 46 },
            "end": { "line": 9, "column": null }
          }
        ],
        "line": 9
      },
      "1": {
        "loc": {
          "start": { "line": 14, "column": 2 },
          "end": { "line": 14, "column": null }
        },
        "type": "if",
        "locations": [
          {
            "start": { "line": 14, "column": 2 },
            "end": { "line": 14, "column": null }
          },
          { "start": {}, "end": {} }
        ],
        "line": 14
      },
      "2": {
        "loc": {
          "start": { "line": 19, "column": 2 },
          "end": { "line": 27, "column": null }
        },
        "type": "if",
        "locations": [
          {
            "start": { "line": 19, "column": 2 },
            "end": { "line": 27, "column": null }
          },
          {
            "start": { "line": 23, "column": 9 },
            "end": { "line": 27, "column": null }
          }
        ],
        "line": 19
      },
      "3": {
        "loc": {
          "start": { "line": 22, "column": 4 },
          "end": { "line": 22, "column": null }
        },
        "type": "if",
        "locations": [
          {
            "start": { "line": 22, "column": 4 },
            "end": { "line": 22, "column": null }
          },
          { "start": {}, "end": {} }
        ],
        "line": 22
      },
      "4": {
        "loc": {
          "start": { "line": 26, "column": 4 },
          "end": { "line": 26, "column": null }
        },
        "type": "if",
        "locations": [
          {
            "start": { "line": 26, "column": 4 },
            "end": { "line": 26, "column": null }
          },
          { "start": {}, "end": {} }
        ],
        "line": 26
      }
    },
    "s": {
      "0": 2,
      "1": 4,
      "2": 4,
      "3": 4,
      "4": 7,
      "5": 0,
      "6": 7,
      "7": 7,
      "8": 7,
      "9": 2,
      "10": 2,
      "11": 2,
      "12": 0,
      "13": 5,
      "14": 5,
      "15": 5,
      "16": 0,
      "17": 7,
      "18": 7
    },
    "f": { "0": 4, "1": 7 },
    "b": { "0": [2, 2], "1": [0, 7], "2": [2, 5], "3": [0, 2], "4": [0, 5] },
    "meta": {
      "lastBranch": 5,
      "lastFunction": 2,
      "lastStatement": 19,
      "seen": {
        "s:5:13:5:Infinity": 0,
        "f:7:16:7:30": 0,
        "s:8:18:8:Infinity": 1,
        "s:9:15:9:Infinity": 2,
        "b:9:36:9:46:9:46:9:Infinity": 0,
        "s:10:2:10:Infinity": 3,
        "f:13:16:13:25": 1,
        "b:14:2:14:Infinity:undefined:undefined:undefined:undefined": 1,
        "s:14:2:14:Infinity": 4,
        "s:14:17:14:Infinity": 5,
        "s:16:15:16:Infinity": 6,
        "s:17:25:17:Infinity": 7,
        "b:19:2:27:Infinity:23:9:27:Infinity": 2,
        "s:19:2:27:Infinity": 8,
        "s:20:4:20:Infinity": 9,
        "s:21:4:21:Infinity": 10,
        "b:22:4:22:Infinity:undefined:undefined:undefined:undefined": 3,
        "s:22:4:22:Infinity": 11,
        "s:22:24:22:Infinity": 12,
        "s:24:4:24:Infinity": 13,
        "s:25:4:25:Infinity": 14,
        "b:26:4:26:Infinity:undefined:undefined:undefined:undefined": 4,
        "s:26:4:26:Infinity": 15,
        "s:26:24:26:Infinity": 16,
        "s:29:2:29:Infinity": 17,
        "s:30:2:30:Infinity": 18
      }
    }
  }
}
